<?xml version="1.0" encoding="UTF-8"?>
<!-- Generated by org.testng.reporters.JUnitReportReporter -->
<testsuite hostname="NODMBRSLAKAKAN" name="com.masReport.MailSend.NewTest" tests="2" failures="0" timestamp="17 Aug 2017 05:23:10 GMT" time="0.778" errors="0">
  <testcase name="f" time="0.013" classname="com.masReport.MailSend.NewTest"/>
  <testcase name="report" time="0.765" classname="com.masReport.MailSend.NewTest"/>
</testsuite> <!-- com.masReport.MailSend.NewTest -->
