<?xml version="1.0" encoding="UTF-8"?>
<!-- Generated by org.testng.reporters.JUnitReportReporter -->
<testsuite hostname="NODMBRSLAKAKAN" name="com.masReport.MailSend.NewTest" tests="2" failures="0" timestamp="26 Jul 2017 12:57:56 GMT" time="0.836" errors="0">
  <testcase name="report" time="0.820" classname="com.masReport.MailSend.NewTest"/>
  <testcase name="f" time="0.016" classname="com.masReport.MailSend.NewTest"/>
</testsuite> <!-- com.masReport.MailSend.NewTest -->
